ERC report (2026-01-02T15:24:28-0600, Encoding UTF8)

***** Sheet /
[label_dangling]: Label not connected to anything
    ; error
    @(20.00 mm, 50.00 mm): Hierarchical Label 'VBUS_12V_RAW'
[pin_not_connected]: Hierarchical label "VBUS_12V_RAW" in root sheet cannot be connected to non-existent parent sheet
    ; error
    @(20.00 mm, 50.00 mm): Hierarchical Label 'VBUS_12V_RAW'
[label_dangling]: Label not connected to anything
    ; error
    @(20.00 mm, 54.00 mm): Hierarchical Label 'VSUP_PROT'
[pin_not_connected]: Hierarchical label "VSUP_PROT" in root sheet cannot be connected to non-existent parent sheet
    ; error
    @(20.00 mm, 54.00 mm): Hierarchical Label 'VSUP_PROT'
[label_dangling]: Label not connected to anything
    ; error
    @(20.00 mm, 58.00 mm): Hierarchical Label 'BUS_SIG_RAW'
[pin_not_connected]: Hierarchical label "BUS_SIG_RAW" in root sheet cannot be connected to non-existent parent sheet
    ; error
    @(20.00 mm, 58.00 mm): Hierarchical Label 'BUS_SIG_RAW'
[label_dangling]: Label not connected to anything
    ; error
    @(20.00 mm, 62.00 mm): Hierarchical Label 'GND'
[pin_not_connected]: Hierarchical label "GND" in root sheet cannot be connected to non-existent parent sheet
    ; error
    @(20.00 mm, 62.00 mm): Hierarchical Label 'GND'
[endpoint_off_grid]: Symbol pin or wire end off connection grid
    ; warning
    @(54.92 mm, 57.46 mm): Symbol J1 Pin 1 [Pin_1, Passive, Line]
[endpoint_off_grid]: Symbol pin or wire end off connection grid
    ; warning
    @(96.19 mm, 50.00 mm): Symbol D1 Pin 1 [K, Passive, Line]
[endpoint_off_grid]: Symbol pin or wire end off connection grid
    ; warning
    @(96.19 mm, 62.00 mm): Symbol D2 Pin 1 [K, Passive, Line]
[endpoint_off_grid]: Symbol pin or wire end off connection grid
    ; warning
    @(96.19 mm, 74.00 mm): Symbol D3 Pin 1 [K, Passive, Line]
[endpoint_off_grid]: Symbol pin or wire end off connection grid
    ; warning
    @(100.00 mm, 82.19 mm): Symbol C1 Pin 1 [Passive, Line]

 ** ERC messages: 13  Errors 8  Warnings 5
